Arguments: 
  D:\Programas\nodejs\node.exe C:\Program Files (x86)\Yarn\bin\yarn.js add @material-ui/lab

PATH: 
  C:\Program Files (x86)\NVIDIA Corporation\PhysX\Common;C:\WINDOWS\system32;C:\WINDOWS;C:\WINDOWS\System32\Wbem;C:\WINDOWS\System32\WindowsPowerShell\v1.0\;C:\WINDOWS\System32\OpenSSH\;C:\Program Files\dotnet\;C:\Program Files\Microsoft SQL Server\130\Tools\Binn\;C:\Program Files\Microsoft SQL Server\Client SDK\ODBC\170\Tools\Binn\;D:\Programas\nodejs\;C:\Program Files\Git\cmd;C:\ProgramData\chocolatey\bin;C:\Program Files (x86)\Yarn\bin\;D:\Programas\Anaconda;D:\Programas\Anaconda\Library\mingw-w64\bin;D:\Programas\Anaconda\Library\usr\bin;D:\Programas\Anaconda\Library\bin;D:\Programas\Anaconda\Scripts;C:\Users\User\AppData\Local\Microsoft\WindowsApps;D:\Programas\Microsoft VS Code\bin;C:\Users\User\AppData\Local\GitHubDesktop\bin;C:\Users\User\AppData\Roaming\npm;C:\Users\User\AppData\Local\Yarn\bin;%USERPROFILE%\AppData\Local\Microsoft\WindowsApps;

Yarn version: 
  1.22.4

Node version: 
  12.18.0

Platform: 
  win32 x64

Trace: 
  Error: EPERM: operation not permitted, copyfile 'C:\Users\User\AppData\Local\Yarn\Cache\v6\npm-mini-create-react-context-0.4.1-072171561bfdc922da08a60c2197a497cc2d1d5e-integrity\node_modules\mini-create-react-context\package.json' -> 'D:\GitHub\Django-ReactCourse\music_controller\frontend\node_modules\mini-create-react-context\package.json'

npm manifest: 
  {
     "name": "frontend",
     "version": "1.0.0",
     "description": "",
     "main": "index.js",
     "scripts": {
        "dev": "webpack --mode development --watch",
        "build": "webpack --mode production"
     },
     "keywords": [],
     "author": "",
     "license": "ISC",
     "devDependencies": {
        "@babel/core": "^7.12.10",
        "@babel/preset-env": "^7.12.11",
        "@babel/preset-react": "^7.12.10",
        "babel-loader": "^8.2.2",
        "react": "^17.0.1",
        "react-dom": "^17.0.1",
        "webpack": "^5.17.0",
        "webpack-cli": "^4.4.0"
     },
     "dependencies": {
        "@babel/plugin-proposal-class-properties": "^7.12.1",
        "@material-ui/core": "^4.11.3",
        "@material-ui/icons": "^4.11.2",
        "react-router-dom": "^5.2.0"
     }
  }

yarn manifest: 
  No manifest

Lockfile: 
  No lockfile
